%!Adobe-FontList 1.13
%Locale:0x409

%BeginFont
Handler:DirectoryHandler
FontType:TrueType
FontName:ArchivoNarrow-Bold
FamilyName:Archivo Narrow
StyleName:Bold
MenuName:Archivo Narrow
StyleBits:2
WeightClass:700
WidthClass:5
AngleClass:0
FullName:Archivo Narrow Bold
WritingScript:Roman
OutlineFileName:\ArchivoNarrow-Bold.ttf
DataFormat:sfntData
FileLength:126704
FileModTime:1475682178
%EndFont

%BeginFont
Handler:DirectoryHandler
FontType:TrueType
FontName:ArchivoNarrow-Regular
FamilyName:Archivo Narrow
StyleName:Regular
MenuName:Archivo Narrow
StyleBits:0
WeightClass:400
WidthClass:5
AngleClass:0
FullName:Archivo Narrow Regular
WritingScript:Roman
OutlineFileName:\ArchivoNarrow-Regular.ttf
DataFormat:sfntData
FileLength:145692
FileModTime:1475682194
%EndFont

%BeginFont
Handler:DirectoryHandler
FontType:TrueType
FontName:Bitter-Bold
FamilyName:Bitter
StyleName:Bold
MenuName:Bitter
StyleBits:2
WeightClass:700
WidthClass:5
AngleClass:0
FullName:Bitter-Bold
WritingScript:Roman
OutlineFileName:\Bitter-Bold.ttf
DataFormat:sfntData
FileLength:25896
FileModTime:1475679512
%EndFont

%BeginFont
Handler:DirectoryHandler
FontType:TrueType
FontName:Bitter-Italic
FamilyName:Bitter
StyleName:Italic
MenuName:Bitter
StyleBits:1
WeightClass:400
WidthClass:5
AngleClass:1
FullName:Bitter-Italic
WritingScript:Roman
OutlineFileName:\Bitter-Italic.ttf
DataFormat:sfntData
FileLength:39420
FileModTime:1475679518
%EndFont

%BeginFont
Handler:DirectoryHandler
FontType:TrueType
FontName:Bitter-Regular
FamilyName:Bitter
StyleName:Regular
MenuName:Bitter
StyleBits:0
WeightClass:400
WidthClass:5
AngleClass:0
FullName:Bitter-Regular
WritingScript:Roman
OutlineFileName:\Bitter-Regular.ttf
DataFormat:sfntData
FileLength:90628
FileModTime:1475679524
%EndFont

